Grammaire

    0 $accept: divs $end

    1 divs: ε
    2     | divs tDIV divs tCDIV
    3     | spans

    4 spans: tTEXT
    5      | spans tSPAN spans tCSPAN


Terminaux, suivis des règles où ils apparaissent

    $end (0) 0
    error (256)
    tTEXT <s> (258) 4
    tDIV (259) 2
    tCDIV (260) 2
    tSPAN (261) 5
    tCSPAN (262) 5


Non-terminaux, suivis des règles où ils apparaissent

    $accept (8)
        à gauche: 0
    divs (9)
        à gauche: 1 2 3
        à droite: 0 2
    spans (10)
        à gauche: 4 5
        à droite: 3 5


État 0

    0 $accept: • divs $end

    tTEXT  décalage et aller à l'état 1

    $défaut  réduction par utilisation de la règle 1 (divs)

    divs   aller à l'état 2
    spans  aller à l'état 3


État 1

    4 spans: tTEXT •

    $défaut  réduction par utilisation de la règle 4 (spans)


État 2

    0 $accept: divs • $end
    2 divs: divs • tDIV divs tCDIV

    $end  décalage et aller à l'état 4
    tDIV  décalage et aller à l'état 5


État 3

    3 divs: spans •
    5 spans: spans • tSPAN spans tCSPAN

    tSPAN  décalage et aller à l'état 6

    $défaut  réduction par utilisation de la règle 3 (divs)


État 4

    0 $accept: divs $end •

    $défaut  accepter


État 5

    2 divs: divs tDIV • divs tCDIV

    tTEXT  décalage et aller à l'état 1

    $défaut  réduction par utilisation de la règle 1 (divs)

    divs   aller à l'état 7
    spans  aller à l'état 3


État 6

    5 spans: spans tSPAN • spans tCSPAN

    tTEXT  décalage et aller à l'état 1

    spans  aller à l'état 8


État 7

    2 divs: divs • tDIV divs tCDIV
    2     | divs tDIV divs • tCDIV

    tDIV   décalage et aller à l'état 5
    tCDIV  décalage et aller à l'état 9


État 8

    5 spans: spans • tSPAN spans tCSPAN
    5      | spans tSPAN spans • tCSPAN

    tSPAN   décalage et aller à l'état 6
    tCSPAN  décalage et aller à l'état 10


État 9

    2 divs: divs tDIV divs tCDIV •

    $défaut  réduction par utilisation de la règle 2 (divs)


État 10

    5 spans: spans tSPAN spans tCSPAN •

    $défaut  réduction par utilisation de la règle 5 (spans)
